This file contains any messages produced by compilers while
running configure, to aid debugging if configure makes a mistake.

It was created by sndlib configure 22, which was
generated by GNU Autoconf 2.69.  Invocation command line was

  $ ./configure --without-audio --without-s7

## --------- ##
## Platform. ##
## --------- ##

hostname = BlackKnight
uname -m = i686
uname -r = 3.6.11.5-avl2-pae
uname -s = Linux
uname -v = #117 SMP PREEMPT Sat Jun 8 10:53:56 EDT 2013

/usr/bin/uname -p = unknown
/bin/uname -X     = unknown

/bin/arch              = unknown
/usr/bin/arch -k       = unknown
/usr/convex/getsysinfo = unknown
/usr/bin/hostinfo      = unknown
/bin/machine           = unknown
/usr/bin/oslevel       = unknown
/bin/universe          = unknown

PATH: /usr/local/bin
PATH: /usr/bin
PATH: /bin
PATH: /usr/local/games
PATH: /usr/games


## ----------- ##
## Core tests. ##
## ----------- ##

configure:2168: checking build system type
configure:2182: result: i686-pc-linux-gnu
configure:2202: checking host system type
configure:2215: result: i686-pc-linux-gnu
configure:2294: checking for gcc
configure:2310: found /usr/bin/gcc
configure:2321: result: gcc
configure:2550: checking for C compiler version
configure:2559: gcc --version >&5
gcc (Debian 4.6.1-15) 4.6.1
Copyright (C) 2011 Free Software Foundation, Inc.
This is free software; see the source for copying conditions.  There is NO
warranty; not even for MERCHANTABILITY or FITNESS FOR A PARTICULAR PURPOSE.

configure:2570: $? = 0
configure:2559: gcc -v >&5
Using built-in specs.
COLLECT_GCC=gcc
COLLECT_LTO_WRAPPER=/usr/lib/gcc/i486-linux-gnu/4.6/lto-wrapper
Target: i486-linux-gnu
Configured with: ../src/configure -v --with-pkgversion='Debian 4.6.1-15' --with-bugurl=file:///usr/share/doc/gcc-4.6/README.Bugs --enable-languages=c,c++,fortran,objc,obj-c++,go --prefix=/usr --program-suffix=-4.6 --enable-shared --enable-linker-build-id --with-system-zlib --libexecdir=/usr/lib --without-included-gettext --enable-threads=posix --with-gxx-include-dir=/usr/include/c++/4.6 --libdir=/usr/lib --enable-nls --enable-clocale=gnu --enable-libstdcxx-debug --enable-libstdcxx-time=yes --enable-plugin --enable-objc-gc --enable-targets=all --with-arch-32=i586 --with-tune=generic --enable-checking=release --build=i486-linux-gnu --host=i486-linux-gnu --target=i486-linux-gnu
Thread model: posix
gcc version 4.6.1 (Debian 4.6.1-15) 
configure:2570: $? = 0
configure:2559: gcc -V >&5
gcc: error: unrecognized option '-V'
gcc: fatal error: no input files
compilation terminated.
configure:2570: $? = 4
configure:2559: gcc -qversion >&5
gcc: error: unrecognized option '-qversion'
gcc: fatal error: no input files
compilation terminated.
configure:2570: $? = 4
configure:2590: checking whether the C compiler works
configure:2612: gcc    conftest.c  >&5
configure:2616: $? = 0
configure:2664: result: yes
configure:2667: checking for C compiler default output file name
configure:2669: result: a.out
configure:2675: checking for suffix of executables
configure:2682: gcc -o conftest    conftest.c  >&5
configure:2686: $? = 0
configure:2708: result: 
configure:2730: checking whether we are cross compiling
configure:2738: gcc -o conftest    conftest.c  >&5
configure:2742: $? = 0
configure:2749: ./conftest
configure:2753: $? = 0
configure:2768: result: no
configure:2773: checking for suffix of object files
configure:2795: gcc -c   conftest.c >&5
configure:2799: $? = 0
configure:2820: result: o
configure:2824: checking whether we are using the GNU C compiler
configure:2843: gcc -c   conftest.c >&5
configure:2843: $? = 0
configure:2852: result: yes
configure:2861: checking whether gcc accepts -g
configure:2881: gcc -c -g  conftest.c >&5
configure:2881: $? = 0
configure:2922: result: yes
configure:2939: checking for gcc option to accept ISO C89
configure:3002: gcc  -c -g -O2  conftest.c >&5
configure:3002: $? = 0
configure:3015: result: none needed
configure:3050: checking for a BSD-compatible install
configure:3118: result: /usr/bin/install -c
configure:3136: checking how to run the C preprocessor
configure:3167: gcc -E  conftest.c
configure:3167: $? = 0
configure:3181: gcc -E  conftest.c
conftest.c:9:28: fatal error: ac_nonexistent.h: No such file or directory
compilation terminated.
configure:3181: $? = 1
configure: failed program was:
| /* confdefs.h */
| #define PACKAGE_NAME "sndlib"
| #define PACKAGE_TARNAME "ftp://ccrma-ftp.stanford.edu/pub/Lisp/sndlib.tar.gz"
| #define PACKAGE_VERSION "22"
| #define PACKAGE_STRING "sndlib 22"
| #define PACKAGE_BUGREPORT "bil@ccrma.stanford.edu"
| #define PACKAGE_URL ""
| /* end confdefs.h.  */
| #include <ac_nonexistent.h>
configure:3206: result: gcc -E
configure:3226: gcc -E  conftest.c
configure:3226: $? = 0
configure:3240: gcc -E  conftest.c
conftest.c:9:28: fatal error: ac_nonexistent.h: No such file or directory
compilation terminated.
configure:3240: $? = 1
configure: failed program was:
| /* confdefs.h */
| #define PACKAGE_NAME "sndlib"
| #define PACKAGE_TARNAME "ftp://ccrma-ftp.stanford.edu/pub/Lisp/sndlib.tar.gz"
| #define PACKAGE_VERSION "22"
| #define PACKAGE_STRING "sndlib 22"
| #define PACKAGE_BUGREPORT "bil@ccrma.stanford.edu"
| #define PACKAGE_URL ""
| /* end confdefs.h.  */
| #include <ac_nonexistent.h>
configure:3269: checking for grep that handles long lines and -e
configure:3327: result: /bin/grep
configure:3332: checking for egrep
configure:3394: result: /bin/grep -E
configure:3399: checking for ANSI C header files
configure:3419: gcc -c -g -O2  conftest.c >&5
configure:3419: $? = 0
configure:3492: gcc -o conftest -g -O2   conftest.c  >&5
configure:3492: $? = 0
configure:3492: ./conftest
configure:3492: $? = 0
configure:3503: result: yes
configure:3516: checking for sys/types.h
configure:3516: gcc -c -g -O2  conftest.c >&5
configure:3516: $? = 0
configure:3516: result: yes
configure:3516: checking for sys/stat.h
configure:3516: gcc -c -g -O2  conftest.c >&5
configure:3516: $? = 0
configure:3516: result: yes
configure:3516: checking for stdlib.h
configure:3516: gcc -c -g -O2  conftest.c >&5
configure:3516: $? = 0
configure:3516: result: yes
configure:3516: checking for string.h
configure:3516: gcc -c -g -O2  conftest.c >&5
configure:3516: $? = 0
configure:3516: result: yes
configure:3516: checking for memory.h
configure:3516: gcc -c -g -O2  conftest.c >&5
configure:3516: $? = 0
configure:3516: result: yes
configure:3516: checking for strings.h
configure:3516: gcc -c -g -O2  conftest.c >&5
configure:3516: $? = 0
configure:3516: result: yes
configure:3516: checking for inttypes.h
configure:3516: gcc -c -g -O2  conftest.c >&5
configure:3516: $? = 0
configure:3516: result: yes
configure:3516: checking for stdint.h
configure:3516: gcc -c -g -O2  conftest.c >&5
configure:3516: $? = 0
configure:3516: result: yes
configure:3516: checking for unistd.h
configure:3516: gcc -c -g -O2  conftest.c >&5
configure:3516: $? = 0
configure:3516: result: yes
configure:3528: checking whether byte ordering is bigendian
configure:3543: gcc -c -g -O2  conftest.c >&5
conftest.c:20:9: error: unknown type name 'not'
conftest.c:20:15: error: expected '=', ',', ';', 'asm' or '__attribute__' before 'universal'
conftest.c:20:15: error: unknown type name 'universal'
configure:3543: $? = 1
configure: failed program was:
| /* confdefs.h */
| #define PACKAGE_NAME "sndlib"
| #define PACKAGE_TARNAME "ftp://ccrma-ftp.stanford.edu/pub/Lisp/sndlib.tar.gz"
| #define PACKAGE_VERSION "22"
| #define PACKAGE_STRING "sndlib 22"
| #define PACKAGE_BUGREPORT "bil@ccrma.stanford.edu"
| #define PACKAGE_URL ""
| #define STDC_HEADERS 1
| #define HAVE_SYS_TYPES_H 1
| #define HAVE_SYS_STAT_H 1
| #define HAVE_STDLIB_H 1
| #define HAVE_STRING_H 1
| #define HAVE_MEMORY_H 1
| #define HAVE_STRINGS_H 1
| #define HAVE_INTTYPES_H 1
| #define HAVE_STDINT_H 1
| #define HAVE_UNISTD_H 1
| /* end confdefs.h.  */
| #ifndef __APPLE_CC__
| 	       not a universal capable compiler
| 	     #endif
| 	     typedef int dummy;
| 
configure:3588: gcc -c -g -O2  conftest.c >&5
configure:3588: $? = 0
configure:3606: gcc -c -g -O2  conftest.c >&5
conftest.c: In function 'main':
conftest.c:26:4: error: unknown type name 'not'
conftest.c:26:12: error: expected '=', ',', ';', 'asm' or '__attribute__' before 'endian'
configure:3606: $? = 1
configure: failed program was:
| /* confdefs.h */
| #define PACKAGE_NAME "sndlib"
| #define PACKAGE_TARNAME "ftp://ccrma-ftp.stanford.edu/pub/Lisp/sndlib.tar.gz"
| #define PACKAGE_VERSION "22"
| #define PACKAGE_STRING "sndlib 22"
| #define PACKAGE_BUGREPORT "bil@ccrma.stanford.edu"
| #define PACKAGE_URL ""
| #define STDC_HEADERS 1
| #define HAVE_SYS_TYPES_H 1
| #define HAVE_SYS_STAT_H 1
| #define HAVE_STDLIB_H 1
| #define HAVE_STRING_H 1
| #define HAVE_MEMORY_H 1
| #define HAVE_STRINGS_H 1
| #define HAVE_INTTYPES_H 1
| #define HAVE_STDINT_H 1
| #define HAVE_UNISTD_H 1
| /* end confdefs.h.  */
| #include <sys/types.h>
| 		#include <sys/param.h>
| 
| int
| main ()
| {
| #if BYTE_ORDER != BIG_ENDIAN
| 		 not big endian
| 		#endif
| 
|   ;
|   return 0;
| }
configure:3734: result: no
configure:3756: checking size of void *
configure:3761: gcc -o conftest -g -O2   conftest.c  >&5
configure:3761: $? = 0
configure:3761: ./conftest
configure:3761: $? = 0
configure:3775: result: 4
configure:3787: checking for pkg-config
configure:3805: found /usr/bin/pkg-config
configure:3818: result: /usr/bin/pkg-config
configure:3914: checking for gsl
configure:3926: result: no
configure:4223: checking for audio system
configure:4225: result: None
configure:4479: creating ./config.status

## ---------------------- ##
## Running config.status. ##
## ---------------------- ##

This file was extended by sndlib config.status 22, which was
generated by GNU Autoconf 2.69.  Invocation command line was

  CONFIG_FILES    = 
  CONFIG_HEADERS  = 
  CONFIG_LINKS    = 
  CONFIG_COMMANDS = 
  $ ./config.status 

on BlackKnight

config.status:836: creating makefile
config.status:836: creating sndlib.pc
config.status:836: creating sndins/Makefile
config.status:836: creating sndlib-config
config.status:836: creating unix-config.h
config.status:1011: unix-config.h is unchanged

## ---------------- ##
## Cache variables. ##
## ---------------- ##

ac_cv_build=i686-pc-linux-gnu
ac_cv_c_bigendian=no
ac_cv_c_compiler_gnu=yes
ac_cv_env_CC_set=
ac_cv_env_CC_value=
ac_cv_env_CFLAGS_set=
ac_cv_env_CFLAGS_value=
ac_cv_env_CPPFLAGS_set=
ac_cv_env_CPPFLAGS_value=
ac_cv_env_CPP_set=
ac_cv_env_CPP_value=
ac_cv_env_LDFLAGS_set=
ac_cv_env_LDFLAGS_value=
ac_cv_env_LIBS_set=
ac_cv_env_LIBS_value=
ac_cv_env_build_alias_set=
ac_cv_env_build_alias_value=
ac_cv_env_host_alias_set=
ac_cv_env_host_alias_value=
ac_cv_env_target_alias_set=
ac_cv_env_target_alias_value=
ac_cv_header_inttypes_h=yes
ac_cv_header_memory_h=yes
ac_cv_header_stdc=yes
ac_cv_header_stdint_h=yes
ac_cv_header_stdlib_h=yes
ac_cv_header_string_h=yes
ac_cv_header_strings_h=yes
ac_cv_header_sys_stat_h=yes
ac_cv_header_sys_types_h=yes
ac_cv_header_unistd_h=yes
ac_cv_host=i686-pc-linux-gnu
ac_cv_objext=o
ac_cv_path_EGREP='/bin/grep -E'
ac_cv_path_GREP=/bin/grep
ac_cv_path_PKG_CONFIG=/usr/bin/pkg-config
ac_cv_path_install='/usr/bin/install -c'
ac_cv_prog_CPP='gcc -E'
ac_cv_prog_ac_ct_CC=gcc
ac_cv_prog_cc_c89=
ac_cv_prog_cc_g=yes
ac_cv_sizeof_void_p=4

## ----------------- ##
## Output variables. ##
## ----------------- ##

AUDIO_CHOICE='None'
AUDIO_LIB=''
A_INSTALL='install'
A_LD='ar'
A_LD_FLAGS='-rc'
CC='gcc'
CFLAGS='-I. -g -O2'
CPP='gcc -E'
CPPFLAGS=''
DEFS='-DHAVE_CONFIG_H'
ECHO_C=''
ECHO_N='-n'
ECHO_T=''
EGREP='/bin/grep -E'
EXEEXT=''
FTH=''
GREP='/bin/grep'
GSL_CFLAGS=''
GSL_LIBS=''
INSTALL_DATA='${INSTALL} -m 644'
INSTALL_PROGRAM='${INSTALL}'
INSTALL_SCRIPT='${INSTALL}'
JACK_FLAGS=''
JACK_LIBS=''
LDFLAGS=''
LDSO_FLAGS='-shared'
LD_FLAGS='-r'
LIBOBJS=''
LIBS=' -lm -ldl'
LTLIBOBJS=''
OBJEXT='o'
PACKAGE_BUGREPORT='bil@ccrma.stanford.edu'
PACKAGE_NAME='sndlib'
PACKAGE_STRING='sndlib 22'
PACKAGE_TARNAME='ftp://ccrma-ftp.stanford.edu/pub/Lisp/sndlib.tar.gz'
PACKAGE_URL=''
PACKAGE_VERSION='22'
PATH_SEPARATOR=':'
PKG_CONFIG='/usr/bin/pkg-config'
RANLIB=':'
S7_LIB=''
SHELL='/bin/sh'
SNDLIB_LANGUAGE='None'
SNDLIB_VERSION='22'
SO_FLAGS='-fPIC '
SO_INSTALL='install'
SO_LD='gcc'
SO_NAME='libsndlib_shuriken.so'
XEN_CFLAGS=''
XEN_LIBS=''
ac_ct_CC='gcc'
bindir='${exec_prefix}/bin'
build='i686-pc-linux-gnu'
build_alias=''
build_cpu='i686'
build_os='linux-gnu'
build_vendor='pc'
datadir='${datarootdir}'
datarootdir='${prefix}/share'
docdir='${datarootdir}/doc/${PACKAGE_TARNAME}'
dvidir='${docdir}'
exec_prefix='${prefix}'
host='i686-pc-linux-gnu'
host_alias=''
host_cpu='i686'
host_os='linux-gnu'
host_vendor='pc'
htmldir='${docdir}'
includedir='${prefix}/include'
infodir='${datarootdir}/info'
libdir='${exec_prefix}/lib'
libexecdir='${exec_prefix}/libexec'
localedir='${datarootdir}/locale'
localstatedir='${prefix}/var'
mandir='${datarootdir}/man'
oldincludedir='/usr/include'
pdfdir='${docdir}'
prefix='/usr/local'
program_transform_name='s,x,x,'
psdir='${docdir}'
sbindir='${exec_prefix}/sbin'
sharedstatedir='${prefix}/com'
sysconfdir='${prefix}/etc'
target_alias=''

## ----------- ##
## confdefs.h. ##
## ----------- ##

/* confdefs.h */
#define PACKAGE_NAME "sndlib"
#define PACKAGE_TARNAME "ftp://ccrma-ftp.stanford.edu/pub/Lisp/sndlib.tar.gz"
#define PACKAGE_VERSION "22"
#define PACKAGE_STRING "sndlib 22"
#define PACKAGE_BUGREPORT "bil@ccrma.stanford.edu"
#define PACKAGE_URL ""
#define STDC_HEADERS 1
#define HAVE_SYS_TYPES_H 1
#define HAVE_SYS_STAT_H 1
#define HAVE_STDLIB_H 1
#define HAVE_STRING_H 1
#define HAVE_MEMORY_H 1
#define HAVE_STRINGS_H 1
#define HAVE_INTTYPES_H 1
#define HAVE_STDINT_H 1
#define HAVE_UNISTD_H 1
#define SIZEOF_VOID_P 4

configure: exit 0
